[2K[1G[2m$ next build[22m
  [1m[38;2;173;127;168m ▲ Next.js 14.1.0[39m[22m
   - Environments: .env

 [37m[1m [22m[39m Creating an optimized production build ...
(node:38373) [DEP_WEBPACK_MODULE_UPDATE_HASH] DeprecationWarning: Module.updateHash: Use new ChunkGraph API
(Use `node --trace-deprecation ...` to show where the warning was created)
 [32m[1m✓[22m[39m Compiled successfully
[?25l [37m[1m [22m[39m Linting and checking validity of types  [36m.[39m[2K[1G [37m[1m [22m[39m Linting and checking validity of types  [36m..[39m[2K[1G [37m[1m [22m[39m Linting and checking validity of types  [36m...[39m[2K[1G [37m[1m [22m[39m Linting and checking validity of types  [36m.[39m[2K[1G [37m[1m [22m[39m Linting and checking validity of types  [36m..[39m[2K[1G [37m[1m [22m[39m Linting and checking validity of types  [36m...[39m[2K[1G [37m[1m [22m[39m Linting and checking validity of types  [36m.[39m[2K[1G [37m[1m [22m[39m Linting and checking validity of types  [36m..[39m[2K[1G [37m[1m [22m[39m Linting and checking validity of types  [36m...[39m[2K[1G [37m[1m [22m[39m Linting and checking validity of types  [36m.[39m[2K[1G [37m[1m [22m[39m Linting and checking validity of types  [36m..[39m[2K[1G [37m[1m [22m[39m Linting and checking validity of types  [36m...[39m[2K[1G [37m[1m [22m[39m Linting and checking validity of types  [36m.[39m[2K[1G [37m[1m [22m[39m Linting and checking validity of types  [36m..[39m[2K[1G [37m[1m [22m[39m Linting and checking validity of types  [36m...[39m[2K[1G [37m[1m [22m[39m Linting and checking validity of types  [36m.[39m[2K[1G [37m[1m [22m[39m Linting and checking validity of types  [36m..[39m[2K[1G [37m[1m [22m[39m Linting and checking validity of types  [36m...[39m[2K[1G [37m[1m [22m[39m Linting and checking validity of types  [36m.[39m[2K[1G[?25h [37m[1m [22m[39m Linting and checking validity of types     [32m[1m✓[22m[39m Linting and checking validity of types 
[?25l [37m[1m [22m[39m Collecting page data  [36m.[39m[2K[1G [37m[1m [22m[39m Collecting page data  [36m..[39m[2K[1G [37m[1m [22m[39m Collecting page data  [36m...[39m[2K[1G [37m[1m [22m[39m Collecting page data  [36m.[39m[2K[1G [37m[1m [22m[39m Collecting page data  [36m..[39m[2K[1G [37m[1m [22m[39m Collecting page data  [36m...[39m[2K[1G[?25h [37m[1m [22m[39m Collecting page data     [32m[1m✓[22m[39m Collecting page data 
[?25l [37m[1m [22m[39m Generating static pages (0/20)  [36m[    ][39m[2K[1G [37m[1m [22m[39m Generating static pages (0/20)  [36m[=   ][39m[2K[1G [37m[1m [22m[39m Generating static pages (0/20)  [36m[==  ][39m  [37m[1m [22m[39m Generating static pages (9/20) 
[2K[1G[1A[2K[1G [37m[1m [22m[39m Generating static pages (0/20)  [36m[=== ][39m  [37m[1m [22m[39m Generating static pages (9/20) 
[2K[1G[1A[2K[1G[?25h [32m[1m✓[22m[39m Generating static pages (20/20) 
[?25l [37m[1m [22m[39m Finalizing page optimization  [36m.[39m[?25l [37m[1m [22m[39m Collecting build traces  [36m.[39m[2K[1G [37m[1m [22m[39m Finalizing page optimization  [36m..[39m[2K[1G [37m[1m [22m[39m Collecting build traces  [36m..[39m[2K[1G [37m[1m [22m[39m Finalizing page optimization  [36m...[39m[2K[1G [37m[1m [22m[39m Collecting build traces  [36m...[39m[2K[1G [37m[1m [22m[39m Finalizing page optimization  [36m.[39m[2K[1G [37m[1m [22m[39m Collecting build traces  [36m.[39m[2K[1G [37m[1m [22m[39m Finalizing page optimization  [36m..[39m[2K[1G [37m[1m [22m[39m Collecting build traces  [36m..[39m[2K[1G [37m[1m [22m[39m Finalizing page optimization  [36m...[39m[2K[1G [37m[1m [22m[39m Collecting build traces  [36m...[39m[2K[1G [37m[1m [22m[39m Finalizing page optimization  [36m.[39m[2K[1G [37m[1m [22m[39m Collecting build traces  [36m.[39m[2K[1G [37m[1m [22m[39m Finalizing page optimization  [36m..[39m[2K[1G [37m[1m [22m[39m Collecting build traces  [36m..[39m[2K[1G [37m[1m [22m[39m Finalizing page optimization  [36m...[39m[2K[1G [37m[1m [22m[39m Collecting build traces  [36m...[39m[2K[1G [37m[1m [22m[39m Finalizing page optimization  [36m.[39m[2K[1G [37m[1m [22m[39m Collecting build traces  [36m.[39m[2K[1G [37m[1m [22m[39m Finalizing page optimization  [36m..[39m[2K[1G [37m[1m [22m[39m Collecting build traces  [36m..[39m[2K[1G [37m[1m [22m[39m Finalizing page optimization  [36m...[39m[2K[1G [37m[1m [22m[39m Collecting build traces  [36m...[39m[2K[1G [37m[1m [22m[39m Finalizing page optimization  [36m.[39m[2K[1G [37m[1m [22m[39m Collecting build traces  [36m.[39m[2K[1G [37m[1m [22m[39m Finalizing page optimization  [36m..[39m[2K[1G [37m[1m [22m[39m Collecting build traces  [36m..[39m[2K[1G [37m[1m [22m[39m Finalizing page optimization  [36m...[39m[2K[1G [37m[1m [22m[39m Collecting build traces  [36m...[39m[2K[1G [37m[1m [22m[39m Finalizing page optimization  [36m.[39m[2K[1G [37m[1m [22m[39m Collecting build traces  [36m.[39m[2K[1G [37m[1m [22m[39m Finalizing page optimization  [36m..[39m[2K[1G [37m[1m [22m[39m Collecting build traces  [36m..[39m[2K[1G [37m[1m [22m[39m Finalizing page optimization  [36m...[39m[2K[1G [37m[1m [22m[39m Collecting build traces  [36m...[39m[2K[1G [37m[1m [22m[39m Finalizing page optimization  [36m.[39m[2K[1G [37m[1m [22m[39m Collecting build traces  [36m.[39m[2K[1G [37m[1m [22m[39m Finalizing page optimization  [36m..[39m[2K[1G [37m[1m [22m[39m Collecting build traces  [36m..[39m[2K[1G [37m[1m [22m[39m Finalizing page optimization  [36m...[39m[2K[1G [37m[1m [22m[39m Collecting build traces  [36m...[39m[2K[1G [37m[1m [22m[39m Finalizing page optimization  [36m.[39m[2K[1G [37m[1m [22m[39m Collecting build traces  [36m.[39m[2K[1G[?25h [37m[1m [22m[39m Collecting build traces     [32m[1m✓[22m[39m Collecting build traces 
[2K[1G[?25h [37m[1m [22m[39m Finalizing page optimization     [32m[1m✓[22m[39m Finalizing page optimization 

[4mRoute (app)[24m                              [4mSize[24m     [4mFirst Load JS[24m
┌ ○ /                                    2.65 kB         [37m[1m124 kB[22m[39m
├ ○ /_not-found                          881 B          [37m[1m85.8 kB[22m[39m
├ ○ /p                                   261 B          [37m[1m85.2 kB[22m[39m
├ ○ /p/analytics                         3.94 kB         [37m[1m119 kB[22m[39m
├ ○ /p/blog                              3.65 kB         [37m[1m136 kB[22m[39m
├ λ /p/blog/[id]                         3.4 kB          [37m[1m176 kB[22m[39m
├ ○ /p/blog/new                          3.46 kB         [37m[1m118 kB[22m[39m
├ ○ /p/careers                           4.95 kB         [37m[1m131 kB[22m[39m
├ λ /p/careers/[id]                      5.92 kB         [37m[1m127 kB[22m[39m
├ ○ /p/default                           0 B                [37m[1m0 B[22m[39m
├ ○ /p/newsletter                        138 B            [37m[1m85 kB[22m[39m
├ ○ /p/newsletter_releases               2.9 kB          [37m[1m131 kB[22m[39m
├ λ /p/newsletter_releases/[id]          3.39 kB         [37m[1m176 kB[22m[39m
├ ○ /p/newsletter_releases/new           3.48 kB         [37m[1m118 kB[22m[39m
├ ○ /p/newsletter_subscribers            4.07 kB         [37m[1m125 kB[22m[39m
├ ○ /p/website/about                     5 kB            [37m[1m130 kB[22m[39m
├ ○ /p/website/gallery                   4.02 kB         [37m[1m130 kB[22m[39m
├ ○ /p/website/homepage                  6.29 kB         [37m[1m131 kB[22m[39m
├ ○ /p/website/seo                       2.95 kB         [37m[1m124 kB[22m[39m
├ ○ /p/website/services                  4.84 kB         [37m[1m130 kB[22m[39m
└ ○ /robots.txt                          0 B                [37m[1m0 B[22m[39m
+ First Load JS shared by all            [37m[1m84.9 kB[22m[39m
  ├ chunks/151-30299409615b4997.js       28.9 kB
  ├ chunks/1dd3208c-2afead5190d0157d.js  53.4 kB
  └ other shared chunks (total)          2.61 kB


○  (Static)   prerendered as static content
λ  (Dynamic)  server-rendered on demand using Node.js

[?25h
